[时间]:2013-07-24 11:22:58,741
[级别]:INFO
[内容]:CrawlListRun.Count:	4116

[时间]:2013-07-24 11:27:12,201
[级别]:INFO
[内容]:CrawlListRun.Count:	4116

[时间]:2013-10-10 11:53:00,275
[级别]:INFO
[内容]:Main 开始

[时间]:2013-10-10 11:53:01,399
[级别]:INFO
[内容]:CrawlListRun.Count:	1

[时间]:2013-10-10 11:53:33,948
[级别]:INFO
[内容]:Main 开始

[时间]:2013-10-10 11:53:34,068
[级别]:INFO
[内容]:CrawlListRun.Count:	1

[时间]:2013-10-10 16:21:14,064
[级别]:INFO
[内容]:Main 开始

[时间]:2013-10-10 16:21:15,086
[级别]:INFO
[内容]:CrawlListRun.Count:	1

[时间]:2013-10-10 16:24:17,899
[级别]:INFO
[内容]:Main 开始

[时间]:2013-10-10 16:24:18,040
[级别]:INFO
[内容]:CrawlListRun.Count:	1

[时间]:2013-10-10 16:25:40,660
[级别]:INFO
[内容]:Main 开始

[时间]:2013-10-10 16:25:40,843
[级别]:INFO
[内容]:CrawlListRun.Count:	1

[时间]:2013-10-10 19:12:35,443
[级别]:INFO
[内容]:Main 开始

[时间]:2013-10-10 19:12:36,409
[级别]:INFO
[内容]:CrawlListRun.Count:	3

[时间]:2013-10-10 19:14:03,112
[级别]:INFO
[内容]:Main 开始

[时间]:2013-10-10 19:14:03,254
[级别]:INFO
[内容]:CrawlListRun.Count:	3

[时间]:2013-10-10 19:23:10,203
[级别]:INFO
[内容]:Main 开始

[时间]:2013-10-10 19:23:10,408
[级别]:INFO
[内容]:CrawlListRun.Count:	2

[时间]:2013-10-10 20:12:01,940
[级别]:INFO
[内容]:Main 开始

[时间]:2013-10-10 20:12:02,827
[级别]:INFO
[内容]:CrawlListRun.Count:	0

[时间]:2013-10-10 20:24:55,152
[级别]:INFO
[内容]:Main 开始

[时间]:2013-10-10 20:24:55,307
[级别]:INFO
[内容]:CrawlListRun.Count:	2

[时间]:2013-10-10 20:29:28,994
[级别]:INFO
[内容]:Main 开始

[时间]:2013-10-10 20:29:29,165
[级别]:INFO
[内容]:CrawlListRun.Count:	2

[时间]:2013-10-10 20:48:38,988
[级别]:INFO
[内容]:Main 开始

[时间]:2013-10-10 20:48:39,086
[级别]:INFO
[内容]:CrawlListRun.Count:	2

[时间]:2013-10-10 20:52:11,424
[级别]:INFO
[内容]:Main 开始

[时间]:2013-10-10 20:52:11,529
[级别]:INFO
[内容]:CrawlListRun.Count:	2

[时间]:2013-10-10 20:53:01,009
[级别]:INFO
[内容]:Main 开始

[时间]:2013-10-10 20:53:01,128
[级别]:INFO
[内容]:CrawlListRun.Count:	2

[时间]:2013-10-10 21:10:33,741
[级别]:INFO
[内容]:Main 开始

[时间]:2013-10-10 21:10:33,832
[级别]:INFO
[内容]:CrawlListRun.Count:	2

[时间]:2013-10-10 22:22:07,745
[级别]:INFO
[内容]:Main 开始

[时间]:2013-10-10 22:22:07,862
[级别]:INFO
[内容]:CrawlListRun.Count:	6

[时间]:2013-10-10 22:56:04,592
[级别]:INFO
[内容]:Main 开始

[时间]:2013-10-10 22:56:04,740
[级别]:INFO
[内容]:CrawlListRun.Count:	31

[时间]:2013-10-11 10:38:18,841
[级别]:INFO
[内容]:Main 开始

[时间]:2013-10-11 10:38:20,099
[级别]:INFO
[内容]:CrawlListRun.Count:	31

[时间]:2013-11-07 14:12:22,813
[级别]:INFO
[内容]:Main 开始

[时间]:2013-11-07 14:34:13,571
[级别]:INFO
[内容]:Main 开始

[时间]:2013-11-07 14:35:39,590
[级别]:INFO
[内容]:CrawlListRun.Count:	9

[时间]:2013-11-07 14:40:38,520
[级别]:INFO
[内容]:Main 开始

[时间]:2013-11-07 14:40:42,756
[级别]:INFO
[内容]:CrawlListRun.Count:	9

[时间]:2013-11-07 14:56:03,020
[级别]:INFO
[内容]:Main 开始

[时间]:2013-11-07 14:56:03,154
[级别]:INFO
[内容]:CrawlListRun.Count:	9

[时间]:2013-11-07 14:56:37,455
[级别]:INFO
[内容]:Main 开始

[时间]:2013-11-07 14:56:37,543
[级别]:INFO
[内容]:CrawlListRun.Count:	9

[时间]:2013-11-07 15:23:11,202
[级别]:INFO
[内容]:Main 开始

[时间]:2013-11-07 15:23:14,119
[级别]:INFO
[内容]:CrawlListRun.Count:	9

[时间]:2013-11-07 15:31:23,749
[级别]:INFO
[内容]:Main 开始

[时间]:2013-11-07 15:31:26,335
[级别]:INFO
[内容]:CrawlListRun.Count:	9

[时间]:2013-11-07 15:38:37,030
[级别]:INFO
[内容]:Main 开始

[时间]:2013-11-07 15:38:37,430
[级别]:INFO
[内容]:CrawlListRun.Count:	9

[时间]:2013-11-07 16:21:30,364
[级别]:INFO
[内容]:Main 开始

[时间]:2013-11-07 16:21:35,258
[级别]:INFO
[内容]:CrawlListRun.Count:	9

[时间]:2013-11-07 16:22:08,518
[级别]:INFO
[内容]:Main 开始

[时间]:2013-11-07 16:22:13,215
[级别]:INFO
[内容]:CrawlListRun.Count:	9

[时间]:2013-11-07 16:27:17,869
[级别]:INFO
[内容]:Main 开始

[时间]:2013-11-07 16:27:21,426
[级别]:INFO
[内容]:CrawlListRun.Count:	9

[时间]:2013-11-07 16:29:22,186
[级别]:INFO
[内容]:Main 开始

[时间]:2013-11-07 16:29:24,620
[级别]:INFO
[内容]:CrawlListRun.Count:	9

[时间]:2013-11-07 16:41:10,229
[级别]:INFO
[内容]:Main 开始

[时间]:2013-11-07 16:41:21,592
[级别]:INFO
[内容]:CrawlListRun.Count:	9

[时间]:2013-11-07 16:42:16,649
[级别]:INFO
[内容]:Main 开始

[时间]:2013-11-07 16:42:16,751
[级别]:INFO
[内容]:CrawlListRun.Count:	9

[时间]:2013-11-07 16:44:25,559
[级别]:INFO
[内容]:Main 开始

[时间]:2013-11-07 16:44:25,652
[级别]:INFO
[内容]:CrawlListRun.Count:	9

[时间]:2013-11-07 16:45:59,279
[级别]:INFO
[内容]:Main 开始

[时间]:2013-11-07 16:45:59,368
[级别]:INFO
[内容]:CrawlListRun.Count:	9

[时间]:2013-11-07 16:50:06,167
[级别]:INFO
[内容]:Main 开始

[时间]:2013-11-07 16:50:06,261
[级别]:INFO
[内容]:CrawlListRun.Count:	9

[时间]:2013-11-07 18:16:49,000
[级别]:INFO
[内容]:Main 开始

[时间]:2013-11-07 18:16:49,889
[级别]:INFO
[内容]:CrawlListRun.Count:	9

[时间]:2013-11-07 18:17:55,908
[级别]:INFO
[内容]:Main 开始

[时间]:2013-11-07 18:17:56,048
[级别]:INFO
[内容]:CrawlListRun.Count:	9

[时间]:2013-11-08 17:11:46,628
[级别]:INFO
[内容]:Main 开始

[时间]:2013-11-08 17:11:50,731
[级别]:INFO
[内容]:CrawlListRun.Count:	30

[时间]:2013-11-08 17:38:42,867
[级别]:INFO
[内容]:Main 开始

[时间]:2013-11-08 17:38:43,023
[级别]:INFO
[内容]:CrawlListRun.Count:	30

[时间]:2013-11-08 17:38:56,587
[级别]:INFO
[内容]:Main 开始

[时间]:2013-11-08 17:38:56,712
[级别]:INFO
[内容]:CrawlListRun.Count:	30

[时间]:2013-11-08 17:42:52,823
[级别]:INFO
[内容]:Main 开始

[时间]:2013-11-08 17:42:53,057
[级别]:INFO
[内容]:CrawlListRun.Count:	30

[时间]:2013-11-08 18:04:46,440
[级别]:INFO
[内容]:Main 开始

[时间]:2013-11-08 18:04:46,771
[级别]:ERROR
[内容]:GetTargetList 异常

System.InvalidCastException: 无法将类型为“System.Int32”的对象强制转换为类型“System.String”。
   在 System.Data.SqlClient.SqlBuffer.get_String()
   在 WriteSpiderAgain.ServiceDAL.Field.GetString(IDataRecord rec, Int32 fldnum) 位置 F:\2013Year\小工具\重写爬虫\WriteSpiderAgain\WriteSpiderAgain\ServiceDAL\Field.cs:行号 31
   在 WriteSpiderAgain.ServiceDAL.Field.GetString(IDataRecord rec, String fldname) 位置 F:\2013Year\小工具\重写爬虫\WriteSpiderAgain\WriteSpiderAgain\ServiceDAL\Field.cs:行号 113
   在 WriteSpiderAgain.ServiceDAL.ServiceDALAction.GetTargetList() 位置 F:\2013Year\小工具\重写爬虫\WriteSpiderAgain\WriteSpiderAgain\ServiceDAL\ServiceDALAction.cs:行号 41
[时间]:2013-11-08 18:05:12,684
[级别]:INFO
[内容]:Main 开始

[时间]:2013-11-08 18:05:59,660
[级别]:INFO
[内容]:Main 开始

[时间]:2013-11-08 18:06:29,373
[级别]:INFO
[内容]:CrawlListRun.Count:	30

[时间]:2013-11-08 18:27:47,668
[级别]:INFO
[内容]:Main 开始

[时间]:2013-11-08 18:27:48,154
[级别]:INFO
[内容]:CrawlListRun.Count:	21

[时间]:2013-11-15 14:45:38,661
[级别]:INFO
[内容]:Main 开始

[时间]:2013-11-15 14:45:40,158
[级别]:INFO
[内容]:CrawlListRun.Count:	21

